0 silly argv {
0 silly argv   _: [ 'run' ],
0 silly argv   stream: true,
0 silly argv   lernaVersion: '8.1.9',
0 silly argv   '$0': '/Users/hoyanwoo/Google_Drive/DCU/Year4/Project/2025-csc1097-purewaz2-wooh2/src/OHIF/node_modules/.bin/lerna',
0 silly argv   script: 'build:viewer'
0 silly argv }
1 notice cli v8.1.9
2 verbose packageConfigs Explicit "packages" configuration found in lerna.json. Resolving packages using the configured glob(s): ["extensions/*","platform/*","modes/*","addOns/externals/*"]
3 verbose rootPath /Users/hoyanwoo/Google_Drive/DCU/Year4/Project/2025-csc1097-purewaz2-wooh2/src/OHIF
4 error - bun.lockb: Error: Command failed: bun /Users/hoyanwoo/Google_Drive/DCU/Year4/Project/2025-csc1097-purewaz2-wooh2/src/OHIF/bun.lockb
4 error   /bin/sh: bun: command not found
4 error
4 error       at genericNodeError (node:internal/errors:984:15)
4 error       at wrappedFn (node:internal/errors:538:14)
4 error       at checkExecSyncError (node:child_process:890:11)
4 error       at execSync (node:child_process:962:15)
4 error       at exports.createNodes (/Users/hoyanwoo/Google_Drive/DCU/Year4/Project/2025-csc1097-purewaz2-wooh2/src/OHIF/node_modules/lerna/node_modules/nx/src/plugins/js/index.js:35:44)
4 error       at /Users/hoyanwoo/Google_Drive/DCU/Year4/Project/2025-csc1097-purewaz2-wooh2/src/OHIF/node_modules/lerna/node_modules/nx/src/project-graph/plugins/utils.js:10:33
4 error       at Array.map (<anonymous>)
4 error       at createNodesFromFiles (/Users/hoyanwoo/Google_Drive/DCU/Year4/Project/2025-csc1097-purewaz2-wooh2/src/OHIF/node_modules/lerna/node_modules/nx/src/project-graph/plugins/utils.js:8:35)
4 error       at LoadedNxPlugin.createNodes (/Users/hoyanwoo/Google_Drive/DCU/Year4/Project/2025-csc1097-purewaz2-wooh2/src/OHIF/node_modules/lerna/node_modules/nx/src/project-graph/plugins/loaded-nx-plugin.js:17:76)
